/scratch/tlezuo/miniconda3/envs/psyplot/lib/python3.9/site-packages/psy_simple/plugin.py:276: FutureWarning: elementwise comparison failed; returning scalar instead, but in the future will perform elementwise comparison
  if b is None or b == 'none':
/scratch/tlezuo/miniconda3/envs/psyplot/lib/python3.9/site-packages/psy_simple/plugin.py:276: FutureWarning: elementwise comparison failed; returning scalar instead, but in the future will perform elementwise comparison
  if b is None or b == 'none':
/scratch/tlezuo/miniconda3/envs/psyplot/lib/python3.9/site-packages/psy_simple/plugin.py:276: FutureWarning: elementwise comparison failed; returning scalar instead, but in the future will perform elementwise comparison
  if b is None or b == 'none':
/scratch/tlezuo/miniconda3/envs/psyplot/lib/python3.9/site-packages/psy_simple/plugin.py:276: FutureWarning: elementwise comparison failed; returning scalar instead, but in the future will perform elementwise comparison
  if b is None or b == 'none':
/scratch/tlezuo/miniconda3/envs/psyplot/lib/python3.9/site-packages/psy_simple/plugin.py:276: FutureWarning: elementwise comparison failed; returning scalar instead, but in the future will perform elementwise comparison
  if b is None or b == 'none':
/scratch/tlezuo/miniconda3/envs/psyplot/lib/python3.9/site-packages/psy_simple/plugin.py:276: FutureWarning: elementwise comparison failed; returning scalar instead, but in the future will perform elementwise comparison
  if b is None or b == 'none':
/scratch/tlezuo/miniconda3/envs/psyplot/lib/python3.9/site-packages/psy_simple/plugin.py:276: FutureWarning: elementwise comparison failed; returning scalar instead, but in the future will perform elementwise comparison
  if b is None or b == 'none':
/scratch/tlezuo/miniconda3/envs/psyplot/lib/python3.9/site-packages/psy_simple/plugin.py:276: FutureWarning: elementwise comparison failed; returning scalar instead, but in the future will perform elementwise comparison
  if b is None or b == 'none':
/scratch/tlezuo/miniconda3/envs/psyplot/lib/python3.9/site-packages/psy_simple/plugin.py:276: FutureWarning: elementwise comparison failed; returning scalar instead, but in the future will perform elementwise comparison
  if b is None or b == 'none':
/scratch/tlezuo/miniconda3/envs/psyplot/lib/python3.9/site-packages/psy_simple/plugin.py:276: FutureWarning: elementwise comparison failed; returning scalar instead, but in the future will perform elementwise comparison
  if b is None or b == 'none':
/scratch/tlezuo/miniconda3/envs/psyplot/lib/python3.9/site-packages/psy_simple/plugin.py:276: FutureWarning: elementwise comparison failed; returning scalar instead, but in the future will perform elementwise comparison
  if b is None or b == 'none':
/scratch/tlezuo/miniconda3/envs/psyplot/lib/python3.9/site-packages/psy_simple/plugin.py:276: FutureWarning: elementwise comparison failed; returning scalar instead, but in the future will perform elementwise comparison
  if b is None or b == 'none':
/scratch/tlezuo/miniconda3/envs/psyplot/lib/python3.9/site-packages/psy_simple/plugin.py:276: FutureWarning: elementwise comparison failed; returning scalar instead, but in the future will perform elementwise comparison
  if b is None or b == 'none':
/scratch/tlezuo/miniconda3/envs/psyplot/lib/python3.9/site-packages/psy_simple/plugin.py:276: FutureWarning: elementwise comparison failed; returning scalar instead, but in the future will perform elementwise comparison
  if b is None or b == 'none':
/scratch/tlezuo/miniconda3/envs/psyplot/lib/python3.9/site-packages/psy_simple/plugin.py:276: FutureWarning: elementwise comparison failed; returning scalar instead, but in the future will perform elementwise comparison
  if b is None or b == 'none':
/scratch/tlezuo/miniconda3/envs/psyplot/lib/python3.9/site-packages/psy_simple/plugin.py:276: FutureWarning: elementwise comparison failed; returning scalar instead, but in the future will perform elementwise comparison
  if b is None or b == 'none':
/scratch/tlezuo/miniconda3/envs/psyplot/lib/python3.9/site-packages/psy_simple/plugin.py:276: FutureWarning: elementwise comparison failed; returning scalar instead, but in the future will perform elementwise comparison
  if b is None or b == 'none':
/scratch/tlezuo/miniconda3/envs/psyplot/lib/python3.9/site-packages/psy_simple/plugin.py:276: FutureWarning: elementwise comparison failed; returning scalar instead, but in the future will perform elementwise comparison
  if b is None or b == 'none':
/scratch/tlezuo/miniconda3/envs/psyplot/lib/python3.9/site-packages/psy_simple/plugin.py:276: FutureWarning: elementwise comparison failed; returning scalar instead, but in the future will perform elementwise comparison
  if b is None or b == 'none':
/scratch/tlezuo/miniconda3/envs/psyplot/lib/python3.9/site-packages/psy_simple/plugin.py:276: FutureWarning: elementwise comparison failed; returning scalar instead, but in the future will perform elementwise comparison
  if b is None or b == 'none':
/scratch/tlezuo/miniconda3/envs/psyplot/lib/python3.9/site-packages/psy_simple/plugin.py:276: FutureWarning: elementwise comparison failed; returning scalar instead, but in the future will perform elementwise comparison
  if b is None or b == 'none':
/scratch/tlezuo/miniconda3/envs/psyplot/lib/python3.9/site-packages/psy_maps/plotters.py:2099: RuntimeWarning: More than 20 figures have been opened. Figures created through the pyplot interface (`matplotlib.pyplot.figure`) are retained until explicitly closed and may consume too much memory. (To control this warning, see the rcParam `figure.max_open_warning`).
  plt.figure()
/scratch/tlezuo/miniconda3/envs/psyplot/lib/python3.9/site-packages/psy_simple/plugin.py:276: FutureWarning: elementwise comparison failed; returning scalar instead, but in the future will perform elementwise comparison
  if b is None or b == 'none':
/scratch/tlezuo/miniconda3/envs/psyplot/lib/python3.9/site-packages/psy_simple/plugin.py:276: FutureWarning: elementwise comparison failed; returning scalar instead, but in the future will perform elementwise comparison
  if b is None or b == 'none':
/scratch/tlezuo/miniconda3/envs/psyplot/lib/python3.9/site-packages/psy_simple/plugin.py:276: FutureWarning: elementwise comparison failed; returning scalar instead, but in the future will perform elementwise comparison
  if b is None or b == 'none':
/scratch/tlezuo/miniconda3/envs/psyplot/lib/python3.9/site-packages/psy_simple/plugin.py:276: FutureWarning: elementwise comparison failed; returning scalar instead, but in the future will perform elementwise comparison
  if b is None or b == 'none':
/scratch/tlezuo/miniconda3/envs/psyplot/lib/python3.9/site-packages/psy_simple/plugin.py:276: FutureWarning: elementwise comparison failed; returning scalar instead, but in the future will perform elementwise comparison
  if b is None or b == 'none':
/scratch/tlezuo/miniconda3/envs/psyplot/lib/python3.9/site-packages/psy_simple/plugin.py:276: FutureWarning: elementwise comparison failed; returning scalar instead, but in the future will perform elementwise comparison
  if b is None or b == 'none':
/scratch/tlezuo/miniconda3/envs/psyplot/lib/python3.9/site-packages/psy_simple/plugin.py:276: FutureWarning: elementwise comparison failed; returning scalar instead, but in the future will perform elementwise comparison
  if b is None or b == 'none':
/scratch/tlezuo/miniconda3/envs/psyplot/lib/python3.9/site-packages/psy_simple/plugin.py:276: FutureWarning: elementwise comparison failed; returning scalar instead, but in the future will perform elementwise comparison
  if b is None or b == 'none':
/scratch/tlezuo/miniconda3/envs/psyplot/lib/python3.9/site-packages/psy_simple/plugin.py:276: FutureWarning: elementwise comparison failed; returning scalar instead, but in the future will perform elementwise comparison
  if b is None or b == 'none':
/scratch/tlezuo/miniconda3/envs/psyplot/lib/python3.9/site-packages/psy_simple/plugin.py:276: FutureWarning: elementwise comparison failed; returning scalar instead, but in the future will perform elementwise comparison
  if b is None or b == 'none':
/scratch/tlezuo/miniconda3/envs/psyplot/lib/python3.9/site-packages/psy_simple/plugin.py:276: FutureWarning: elementwise comparison failed; returning scalar instead, but in the future will perform elementwise comparison
  if b is None or b == 'none':
/scratch/tlezuo/miniconda3/envs/psyplot/lib/python3.9/site-packages/psy_simple/plugin.py:276: FutureWarning: elementwise comparison failed; returning scalar instead, but in the future will perform elementwise comparison
  if b is None or b == 'none':
/scratch/tlezuo/miniconda3/envs/psyplot/lib/python3.9/site-packages/psy_simple/plugin.py:276: FutureWarning: elementwise comparison failed; returning scalar instead, but in the future will perform elementwise comparison
  if b is None or b == 'none':
/scratch/tlezuo/miniconda3/envs/psyplot/lib/python3.9/site-packages/psy_simple/plugin.py:276: FutureWarning: elementwise comparison failed; returning scalar instead, but in the future will perform elementwise comparison
  if b is None or b == 'none':
/scratch/tlezuo/miniconda3/envs/psyplot/lib/python3.9/site-packages/psy_simple/plugin.py:276: FutureWarning: elementwise comparison failed; returning scalar instead, but in the future will perform elementwise comparison
  if b is None or b == 'none':
/scratch/tlezuo/miniconda3/envs/psyplot/lib/python3.9/site-packages/psy_simple/plugin.py:276: FutureWarning: elementwise comparison failed; returning scalar instead, but in the future will perform elementwise comparison
  if b is None or b == 'none':
/scratch/tlezuo/miniconda3/envs/psyplot/lib/python3.9/site-packages/psy_simple/plugin.py:276: FutureWarning: elementwise comparison failed; returning scalar instead, but in the future will perform elementwise comparison
  if b is None or b == 'none':
/scratch/tlezuo/miniconda3/envs/psyplot/lib/python3.9/site-packages/psy_simple/plugin.py:276: FutureWarning: elementwise comparison failed; returning scalar instead, but in the future will perform elementwise comparison
  if b is None or b == 'none':
/scratch/tlezuo/miniconda3/envs/psyplot/lib/python3.9/site-packages/psy_simple/plugin.py:276: FutureWarning: elementwise comparison failed; returning scalar instead, but in the future will perform elementwise comparison
  if b is None or b == 'none':
/scratch/tlezuo/miniconda3/envs/psyplot/lib/python3.9/site-packages/psy_simple/plugin.py:276: FutureWarning: elementwise comparison failed; returning scalar instead, but in the future will perform elementwise comparison
  if b is None or b == 'none':
/scratch/tlezuo/miniconda3/envs/psyplot/lib/python3.9/site-packages/psy_simple/plugin.py:276: FutureWarning: elementwise comparison failed; returning scalar instead, but in the future will perform elementwise comparison
  if b is None or b == 'none':
/scratch/tlezuo/miniconda3/envs/psyplot/lib/python3.9/site-packages/psy_simple/plugin.py:276: FutureWarning: elementwise comparison failed; returning scalar instead, but in the future will perform elementwise comparison
  if b is None or b == 'none':
/scratch/tlezuo/miniconda3/envs/psyplot/lib/python3.9/site-packages/psy_simple/plugin.py:276: FutureWarning: elementwise comparison failed; returning scalar instead, but in the future will perform elementwise comparison
  if b is None or b == 'none':
/scratch/tlezuo/miniconda3/envs/psyplot/lib/python3.9/site-packages/psy_simple/plugin.py:276: FutureWarning: elementwise comparison failed; returning scalar instead, but in the future will perform elementwise comparison
  if b is None or b == 'none':
/scratch/tlezuo/miniconda3/envs/psyplot/lib/python3.9/site-packages/psy_simple/plugin.py:276: FutureWarning: elementwise comparison failed; returning scalar instead, but in the future will perform elementwise comparison
  if b is None or b == 'none':
/scratch/tlezuo/miniconda3/envs/psyplot/lib/python3.9/site-packages/psy_simple/plugin.py:276: FutureWarning: elementwise comparison failed; returning scalar instead, but in the future will perform elementwise comparison
  if b is None or b == 'none':
/scratch/tlezuo/miniconda3/envs/psyplot/lib/python3.9/site-packages/psy_simple/plugin.py:276: FutureWarning: elementwise comparison failed; returning scalar instead, but in the future will perform elementwise comparison
  if b is None or b == 'none':
/scratch/tlezuo/miniconda3/envs/psyplot/lib/python3.9/site-packages/psy_simple/plugin.py:276: FutureWarning: elementwise comparison failed; returning scalar instead, but in the future will perform elementwise comparison
  if b is None or b == 'none':
/scratch/tlezuo/miniconda3/envs/psyplot/lib/python3.9/site-packages/psy_simple/plugin.py:276: FutureWarning: elementwise comparison failed; returning scalar instead, but in the future will perform elementwise comparison
  if b is None or b == 'none':
/scratch/tlezuo/miniconda3/envs/psyplot/lib/python3.9/site-packages/psy_simple/plugin.py:276: FutureWarning: elementwise comparison failed; returning scalar instead, but in the future will perform elementwise comparison
  if b is None or b == 'none':
/scratch/tlezuo/miniconda3/envs/psyplot/lib/python3.9/site-packages/psy_simple/plugin.py:276: FutureWarning: elementwise comparison failed; returning scalar instead, but in the future will perform elementwise comparison
  if b is None or b == 'none':
/scratch/tlezuo/miniconda3/envs/psyplot/lib/python3.9/site-packages/psy_simple/plugin.py:276: FutureWarning: elementwise comparison failed; returning scalar instead, but in the future will perform elementwise comparison
  if b is None or b == 'none':
/scratch/tlezuo/miniconda3/envs/psyplot/lib/python3.9/site-packages/psy_simple/plugin.py:276: FutureWarning: elementwise comparison failed; returning scalar instead, but in the future will perform elementwise comparison
  if b is None or b == 'none':
/scratch/tlezuo/miniconda3/envs/psyplot/lib/python3.9/site-packages/psy_simple/plugin.py:276: FutureWarning: elementwise comparison failed; returning scalar instead, but in the future will perform elementwise comparison
  if b is None or b == 'none':
/scratch/tlezuo/miniconda3/envs/psyplot/lib/python3.9/site-packages/psy_simple/plugin.py:276: FutureWarning: elementwise comparison failed; returning scalar instead, but in the future will perform elementwise comparison
  if b is None or b == 'none':
/scratch/tlezuo/miniconda3/envs/psyplot/lib/python3.9/site-packages/psy_simple/plugin.py:276: FutureWarning: elementwise comparison failed; returning scalar instead, but in the future will perform elementwise comparison
  if b is None or b == 'none':
/scratch/tlezuo/miniconda3/envs/psyplot/lib/python3.9/site-packages/psy_simple/plugin.py:276: FutureWarning: elementwise comparison failed; returning scalar instead, but in the future will perform elementwise comparison
  if b is None or b == 'none':
/scratch/tlezuo/miniconda3/envs/psyplot/lib/python3.9/site-packages/psy_simple/plugin.py:276: FutureWarning: elementwise comparison failed; returning scalar instead, but in the future will perform elementwise comparison
  if b is None or b == 'none':
/scratch/tlezuo/miniconda3/envs/psyplot/lib/python3.9/site-packages/psy_simple/plugin.py:276: FutureWarning: elementwise comparison failed; returning scalar instead, but in the future will perform elementwise comparison
  if b is None or b == 'none':
/scratch/tlezuo/miniconda3/envs/psyplot/lib/python3.9/site-packages/psy_simple/plugin.py:276: FutureWarning: elementwise comparison failed; returning scalar instead, but in the future will perform elementwise comparison
  if b is None or b == 'none':
/scratch/tlezuo/miniconda3/envs/psyplot/lib/python3.9/site-packages/psy_simple/plugin.py:276: FutureWarning: elementwise comparison failed; returning scalar instead, but in the future will perform elementwise comparison
  if b is None or b == 'none':
/scratch/tlezuo/miniconda3/envs/psyplot/lib/python3.9/site-packages/psy_simple/plugin.py:276: FutureWarning: elementwise comparison failed; returning scalar instead, but in the future will perform elementwise comparison
  if b is None or b == 'none':
/scratch/tlezuo/miniconda3/envs/psyplot/lib/python3.9/site-packages/psy_simple/plugin.py:276: FutureWarning: elementwise comparison failed; returning scalar instead, but in the future will perform elementwise comparison
  if b is None or b == 'none':
/scratch/tlezuo/miniconda3/envs/psyplot/lib/python3.9/site-packages/psy_simple/plugin.py:276: FutureWarning: elementwise comparison failed; returning scalar instead, but in the future will perform elementwise comparison
  if b is None or b == 'none':
/scratch/tlezuo/miniconda3/envs/psyplot/lib/python3.9/site-packages/psy_simple/plugin.py:276: FutureWarning: elementwise comparison failed; returning scalar instead, but in the future will perform elementwise comparison
  if b is None or b == 'none':
/scratch/tlezuo/miniconda3/envs/psyplot/lib/python3.9/site-packages/psy_simple/plugin.py:276: FutureWarning: elementwise comparison failed; returning scalar instead, but in the future will perform elementwise comparison
  if b is None or b == 'none':
/scratch/tlezuo/miniconda3/envs/psyplot/lib/python3.9/site-packages/psy_simple/plugin.py:276: FutureWarning: elementwise comparison failed; returning scalar instead, but in the future will perform elementwise comparison
  if b is None or b == 'none':
/scratch/tlezuo/miniconda3/envs/psyplot/lib/python3.9/site-packages/psy_simple/plugin.py:276: FutureWarning: elementwise comparison failed; returning scalar instead, but in the future will perform elementwise comparison
  if b is None or b == 'none':
/scratch/tlezuo/miniconda3/envs/psyplot/lib/python3.9/site-packages/psy_simple/plugin.py:276: FutureWarning: elementwise comparison failed; returning scalar instead, but in the future will perform elementwise comparison
  if b is None or b == 'none':
/scratch/tlezuo/miniconda3/envs/psyplot/lib/python3.9/site-packages/psy_simple/plugin.py:276: FutureWarning: elementwise comparison failed; returning scalar instead, but in the future will perform elementwise comparison
  if b is None or b == 'none':
/scratch/tlezuo/miniconda3/envs/psyplot/lib/python3.9/site-packages/psy_simple/plugin.py:276: FutureWarning: elementwise comparison failed; returning scalar instead, but in the future will perform elementwise comparison
  if b is None or b == 'none':
/scratch/tlezuo/miniconda3/envs/psyplot/lib/python3.9/site-packages/psy_simple/plugin.py:276: FutureWarning: elementwise comparison failed; returning scalar instead, but in the future will perform elementwise comparison
  if b is None or b == 'none':
/scratch/tlezuo/miniconda3/envs/psyplot/lib/python3.9/site-packages/psy_simple/plugin.py:276: FutureWarning: elementwise comparison failed; returning scalar instead, but in the future will perform elementwise comparison
  if b is None or b == 'none':
/scratch/tlezuo/miniconda3/envs/psyplot/lib/python3.9/site-packages/psy_simple/plugin.py:276: FutureWarning: elementwise comparison failed; returning scalar instead, but in the future will perform elementwise comparison
  if b is None or b == 'none':
/scratch/tlezuo/miniconda3/envs/psyplot/lib/python3.9/site-packages/psy_simple/plugin.py:276: FutureWarning: elementwise comparison failed; returning scalar instead, but in the future will perform elementwise comparison
  if b is None or b == 'none':
/scratch/tlezuo/miniconda3/envs/psyplot/lib/python3.9/site-packages/psy_simple/plugin.py:276: FutureWarning: elementwise comparison failed; returning scalar instead, but in the future will perform elementwise comparison
  if b is None or b == 'none':
/scratch/tlezuo/miniconda3/envs/psyplot/lib/python3.9/site-packages/psy_simple/plugin.py:276: FutureWarning: elementwise comparison failed; returning scalar instead, but in the future will perform elementwise comparison
  if b is None or b == 'none':
/scratch/tlezuo/miniconda3/envs/psyplot/lib/python3.9/site-packages/psy_simple/plugin.py:276: FutureWarning: elementwise comparison failed; returning scalar instead, but in the future will perform elementwise comparison
  if b is None or b == 'none':
/scratch/tlezuo/miniconda3/envs/psyplot/lib/python3.9/site-packages/psy_simple/plugin.py:276: FutureWarning: elementwise comparison failed; returning scalar instead, but in the future will perform elementwise comparison
  if b is None or b == 'none':
/scratch/tlezuo/miniconda3/envs/psyplot/lib/python3.9/site-packages/psy_simple/plugin.py:276: FutureWarning: elementwise comparison failed; returning scalar instead, but in the future will perform elementwise comparison
  if b is None or b == 'none':
/scratch/tlezuo/miniconda3/envs/psyplot/lib/python3.9/site-packages/psy_simple/plugin.py:276: FutureWarning: elementwise comparison failed; returning scalar instead, but in the future will perform elementwise comparison
  if b is None or b == 'none':
/scratch/tlezuo/miniconda3/envs/psyplot/lib/python3.9/site-packages/psy_simple/plugin.py:276: FutureWarning: elementwise comparison failed; returning scalar instead, but in the future will perform elementwise comparison
  if b is None or b == 'none':
/scratch/tlezuo/miniconda3/envs/psyplot/lib/python3.9/site-packages/psy_simple/plugin.py:276: FutureWarning: elementwise comparison failed; returning scalar instead, but in the future will perform elementwise comparison
  if b is None or b == 'none':
/scratch/tlezuo/miniconda3/envs/psyplot/lib/python3.9/site-packages/psy_simple/plugin.py:276: FutureWarning: elementwise comparison failed; returning scalar instead, but in the future will perform elementwise comparison
  if b is None or b == 'none':
/scratch/tlezuo/miniconda3/envs/psyplot/lib/python3.9/site-packages/psy_simple/plugin.py:276: FutureWarning: elementwise comparison failed; returning scalar instead, but in the future will perform elementwise comparison
  if b is None or b == 'none':
/scratch/tlezuo/miniconda3/envs/psyplot/lib/python3.9/site-packages/psy_simple/plugin.py:276: FutureWarning: elementwise comparison failed; returning scalar instead, but in the future will perform elementwise comparison
  if b is None or b == 'none':
/scratch/tlezuo/miniconda3/envs/psyplot/lib/python3.9/site-packages/psy_simple/plugin.py:276: FutureWarning: elementwise comparison failed; returning scalar instead, but in the future will perform elementwise comparison
  if b is None or b == 'none':
/scratch/tlezuo/miniconda3/envs/psyplot/lib/python3.9/site-packages/psy_simple/plugin.py:276: FutureWarning: elementwise comparison failed; returning scalar instead, but in the future will perform elementwise comparison
  if b is None or b == 'none':
/scratch/tlezuo/miniconda3/envs/psyplot/lib/python3.9/site-packages/psy_simple/plugin.py:276: FutureWarning: elementwise comparison failed; returning scalar instead, but in the future will perform elementwise comparison
  if b is None or b == 'none':
/scratch/tlezuo/miniconda3/envs/psyplot/lib/python3.9/site-packages/psy_simple/plugin.py:276: FutureWarning: elementwise comparison failed; returning scalar instead, but in the future will perform elementwise comparison
  if b is None or b == 'none':
/scratch/tlezuo/miniconda3/envs/psyplot/lib/python3.9/site-packages/psy_simple/plugin.py:276: FutureWarning: elementwise comparison failed; returning scalar instead, but in the future will perform elementwise comparison
  if b is None or b == 'none':
/scratch/tlezuo/miniconda3/envs/psyplot/lib/python3.9/site-packages/psy_simple/plugin.py:276: FutureWarning: elementwise comparison failed; returning scalar instead, but in the future will perform elementwise comparison
  if b is None or b == 'none':
/scratch/tlezuo/miniconda3/envs/psyplot/lib/python3.9/site-packages/psy_simple/plugin.py:276: FutureWarning: elementwise comparison failed; returning scalar instead, but in the future will perform elementwise comparison
  if b is None or b == 'none':
/scratch/tlezuo/miniconda3/envs/psyplot/lib/python3.9/site-packages/psy_simple/plugin.py:276: FutureWarning: elementwise comparison failed; returning scalar instead, but in the future will perform elementwise comparison
  if b is None or b == 'none':
/scratch/tlezuo/miniconda3/envs/psyplot/lib/python3.9/site-packages/psy_simple/plugin.py:276: FutureWarning: elementwise comparison failed; returning scalar instead, but in the future will perform elementwise comparison
  if b is None or b == 'none':
/scratch/tlezuo/miniconda3/envs/psyplot/lib/python3.9/site-packages/psy_simple/plugin.py:276: FutureWarning: elementwise comparison failed; returning scalar instead, but in the future will perform elementwise comparison
  if b is None or b == 'none':
/scratch/tlezuo/miniconda3/envs/psyplot/lib/python3.9/site-packages/psy_simple/plugin.py:276: FutureWarning: elementwise comparison failed; returning scalar instead, but in the future will perform elementwise comparison
  if b is None or b == 'none':
lfffp00000000.nc
lfffp00010000.nc
lfffp00020000.nc
lfffp00030000.nc
lfffp00040000.nc
lfffp00050000.nc
lfffp00060000.nc
lfffp00070000.nc
lfffp00080000.nc
lfffp00090000.nc
lfffp00100000.nc
lfffp00110000.nc
lfffp00120000.nc
lfffp00130000.nc
lfffp00140000.nc
lfffp00150000.nc
lfffp00160000.nc
lfffp00170000.nc
lfffp00180000.nc
lfffp00190000.nc
lfffp00200000.nc
lfffp00210000.nc
lfffp00220000.nc
lfffp00230000.nc
lfffp01000000.nc
lfffp01010000.nc
lfffp01020000.nc
lfffp01030000.nc
lfffp01040000.nc
lfffp01050000.nc
lfffp01060000.nc
lfffp01070000.nc
lfffp01080000.nc
lfffp01090000.nc
lfffp01100000.nc
lfffp01110000.nc
lfffp01120000.nc
lfffp01130000.nc
lfffp01140000.nc
lfffp01150000.nc
lfffp01160000.nc
lfffp01170000.nc
lfffp01180000.nc
lfffp01190000.nc
lfffp01200000.nc
lfffp01210000.nc
lfffp01220000.nc
lfffp01230000.nc
lfffp02000000.nc
